[2019-04-16 14:58:52,674 django_airavata.apps.api.urls:80 DEBUG] router url: <RegexURLPattern project-list ^projects/$>
[2019-04-16 14:58:52,674 django_airavata.apps.api.urls:80 DEBUG] router url: <RegexURLPattern project-list ^projects\.(?P<format>[a-z0-9]+)/?$>
[2019-04-16 14:58:52,674 django_airavata.apps.api.urls:80 DEBUG] router url: <RegexURLPattern project-list-all ^projects/list_all/$>
[2019-04-16 14:58:52,675 django_airavata.apps.api.urls:80 DEBUG] router url: <RegexURLPattern project-list-all ^projects/list_all\.(?P<format>[a-z0-9]+)/?$>
[2019-04-16 14:58:52,675 django_airavata.apps.api.urls:80 DEBUG] router url: <RegexURLPattern project-detail ^projects/(?P<project_id>[^/]+)/$>
[2019-04-16 14:58:52,676 django_airavata.apps.api.urls:80 DEBUG] router url: <RegexURLPattern project-detail ^projects/(?P<project_id>[^/]+)\.(?P<format>[a-z0-9]+)/?$>
[2019-04-16 14:58:52,676 django_airavata.apps.api.urls:80 DEBUG] router url: <RegexURLPattern project-experiments ^projects/(?P<project_id>[^/]+)/experiments/$>
[2019-04-16 14:58:52,676 django_airavata.apps.api.urls:80 DEBUG] router url: <RegexURLPattern project-experiments ^projects/(?P<project_id>[^/]+)/experiments\.(?P<format>[a-z0-9]+)/?$>
[2019-04-16 14:58:52,676 django_airavata.apps.api.urls:80 DEBUG] router url: <RegexURLPattern experiment-list ^experiments/$>
[2019-04-16 14:58:52,677 django_airavata.apps.api.urls:80 DEBUG] router url: <RegexURLPattern experiment-list ^experiments\.(?P<format>[a-z0-9]+)/?$>
[2019-04-16 14:58:52,677 django_airavata.apps.api.urls:80 DEBUG] router url: <RegexURLPattern experiment-detail ^experiments/(?P<experiment_id>[^/]+)/$>
[2019-04-16 14:58:52,677 django_airavata.apps.api.urls:80 DEBUG] router url: <RegexURLPattern experiment-detail ^experiments/(?P<experiment_id>[^/]+)\.(?P<format>[a-z0-9]+)/?$>
[2019-04-16 14:58:52,677 django_airavata.apps.api.urls:80 DEBUG] router url: <RegexURLPattern experiment-clone ^experiments/(?P<experiment_id>[^/]+)/clone/$>
[2019-04-16 14:58:52,678 django_airavata.apps.api.urls:80 DEBUG] router url: <RegexURLPattern experiment-clone ^experiments/(?P<experiment_id>[^/]+)/clone\.(?P<format>[a-z0-9]+)/?$>
[2019-04-16 14:58:52,678 django_airavata.apps.api.urls:80 DEBUG] router url: <RegexURLPattern experiment-jobs ^experiments/(?P<experiment_id>[^/]+)/jobs/$>
[2019-04-16 14:58:52,678 django_airavata.apps.api.urls:80 DEBUG] router url: <RegexURLPattern experiment-jobs ^experiments/(?P<experiment_id>[^/]+)/jobs\.(?P<format>[a-z0-9]+)/?$>
[2019-04-16 14:58:52,678 django_airavata.apps.api.urls:80 DEBUG] router url: <RegexURLPattern experiment-launch ^experiments/(?P<experiment_id>[^/]+)/launch/$>
[2019-04-16 14:58:52,679 django_airavata.apps.api.urls:80 DEBUG] router url: <RegexURLPattern experiment-launch ^experiments/(?P<experiment_id>[^/]+)/launch\.(?P<format>[a-z0-9]+)/?$>
[2019-04-16 14:58:52,679 django_airavata.apps.api.urls:80 DEBUG] router url: <RegexURLPattern full-experiment-detail ^full-experiments/(?P<experiment_id>[^/]+)/$>
[2019-04-16 14:58:52,679 django_airavata.apps.api.urls:80 DEBUG] router url: <RegexURLPattern full-experiment-detail ^full-experiments/(?P<experiment_id>[^/]+)\.(?P<format>[a-z0-9]+)/?$>
[2019-04-16 14:58:52,679 django_airavata.apps.api.urls:80 DEBUG] router url: <RegexURLPattern experiment-search-list ^experiment-search/$>
[2019-04-16 14:58:52,680 django_airavata.apps.api.urls:80 DEBUG] router url: <RegexURLPattern experiment-search-list ^experiment-search\.(?P<format>[a-z0-9]+)/?$>
[2019-04-16 14:58:52,680 django_airavata.apps.api.urls:80 DEBUG] router url: <RegexURLPattern group-list ^groups/$>
[2019-04-16 14:58:52,680 django_airavata.apps.api.urls:80 DEBUG] router url: <RegexURLPattern group-list ^groups\.(?P<format>[a-z0-9]+)/?$>
[2019-04-16 14:58:52,680 django_airavata.apps.api.urls:80 DEBUG] router url: <RegexURLPattern group-detail ^groups/(?P<group_id>[^/]+)/$>
[2019-04-16 14:58:52,681 django_airavata.apps.api.urls:80 DEBUG] router url: <RegexURLPattern group-detail ^groups/(?P<group_id>[^/]+)\.(?P<format>[a-z0-9]+)/?$>
[2019-04-16 14:58:52,681 django_airavata.apps.api.urls:80 DEBUG] router url: <RegexURLPattern application-interface-list ^application-interfaces/$>
[2019-04-16 14:58:52,681 django_airavata.apps.api.urls:80 DEBUG] router url: <RegexURLPattern application-interface-list ^application-interfaces\.(?P<format>[a-z0-9]+)/?$>
[2019-04-16 14:58:52,681 django_airavata.apps.api.urls:80 DEBUG] router url: <RegexURLPattern application-interface-detail ^application-interfaces/(?P<app_interface_id>[^/]+)/$>
[2019-04-16 14:58:52,682 django_airavata.apps.api.urls:80 DEBUG] router url: <RegexURLPattern application-interface-detail ^application-interfaces/(?P<app_interface_id>[^/]+)\.(?P<format>[a-z0-9]+)/?$>
[2019-04-16 14:58:52,682 django_airavata.apps.api.urls:80 DEBUG] router url: <RegexURLPattern application-interface-compute-resources ^application-interfaces/(?P<app_interface_id>[^/]+)/compute_resources/$>
[2019-04-16 14:58:52,683 django_airavata.apps.api.urls:80 DEBUG] router url: <RegexURLPattern application-interface-compute-resources ^application-interfaces/(?P<app_interface_id>[^/]+)/compute_resources\.(?P<format>[a-z0-9]+)/?$>
[2019-04-16 14:58:52,683 django_airavata.apps.api.urls:80 DEBUG] router url: <RegexURLPattern application-list ^applications/$>
[2019-04-16 14:58:52,683 django_airavata.apps.api.urls:80 DEBUG] router url: <RegexURLPattern application-list ^applications\.(?P<format>[a-z0-9]+)/?$>
[2019-04-16 14:58:52,687 django_airavata.apps.api.urls:80 DEBUG] router url: <RegexURLPattern application-list-all ^applications/list_all/$>
[2019-04-16 14:58:52,687 django_airavata.apps.api.urls:80 DEBUG] router url: <RegexURLPattern application-list-all ^applications/list_all\.(?P<format>[a-z0-9]+)/?$>
[2019-04-16 14:58:52,689 django_airavata.apps.api.urls:80 DEBUG] router url: <RegexURLPattern application-detail ^applications/(?P<app_module_id>[^/]+)/$>
[2019-04-16 14:58:52,689 django_airavata.apps.api.urls:80 DEBUG] router url: <RegexURLPattern application-detail ^applications/(?P<app_module_id>[^/]+)\.(?P<format>[a-z0-9]+)/?$>
[2019-04-16 14:58:52,689 django_airavata.apps.api.urls:80 DEBUG] router url: <RegexURLPattern application-application-deployments ^applications/(?P<app_module_id>[^/]+)/application_deployments/$>
[2019-04-16 14:58:52,690 django_airavata.apps.api.urls:80 DEBUG] router url: <RegexURLPattern application-application-deployments ^applications/(?P<app_module_id>[^/]+)/application_deployments\.(?P<format>[a-z0-9]+)/?$>
[2019-04-16 14:58:52,690 django_airavata.apps.api.urls:80 DEBUG] router url: <RegexURLPattern application-application-interface ^applications/(?P<app_module_id>[^/]+)/application_interface/$>
[2019-04-16 14:58:52,690 django_airavata.apps.api.urls:80 DEBUG] router url: <RegexURLPattern application-application-interface ^applications/(?P<app_module_id>[^/]+)/application_interface\.(?P<format>[a-z0-9]+)/?$>
[2019-04-16 14:58:52,691 django_airavata.apps.api.urls:80 DEBUG] router url: <RegexURLPattern application-deployment-list ^application-deployments/$>
[2019-04-16 14:58:52,691 django_airavata.apps.api.urls:80 DEBUG] router url: <RegexURLPattern application-deployment-list ^application-deployments\.(?P<format>[a-z0-9]+)/?$>
[2019-04-16 14:58:52,691 django_airavata.apps.api.urls:80 DEBUG] router url: <RegexURLPattern application-deployment-detail ^application-deployments/(?P<app_deployment_id>[^/]+)/$>
[2019-04-16 14:58:52,692 django_airavata.apps.api.urls:80 DEBUG] router url: <RegexURLPattern application-deployment-detail ^application-deployments/(?P<app_deployment_id>[^/]+)\.(?P<format>[a-z0-9]+)/?$>
[2019-04-16 14:58:52,692 django_airavata.apps.api.urls:80 DEBUG] router url: <RegexURLPattern application-deployment-queues ^application-deployments/(?P<app_deployment_id>[^/]+)/queues/$>
[2019-04-16 14:58:52,692 django_airavata.apps.api.urls:80 DEBUG] router url: <RegexURLPattern application-deployment-queues ^application-deployments/(?P<app_deployment_id>[^/]+)/queues\.(?P<format>[a-z0-9]+)/?$>
[2019-04-16 14:58:52,692 django_airavata.apps.api.urls:80 DEBUG] router url: <RegexURLPattern user-profile-list ^user-profiles/$>
[2019-04-16 14:58:52,693 django_airavata.apps.api.urls:80 DEBUG] router url: <RegexURLPattern user-profile-list ^user-profiles\.(?P<format>[a-z0-9]+)/?$>
[2019-04-16 14:58:52,693 django_airavata.apps.api.urls:80 DEBUG] router url: <RegexURLPattern group-resource-profile-list ^group-resource-profiles/$>
[2019-04-16 14:58:52,693 django_airavata.apps.api.urls:80 DEBUG] router url: <RegexURLPattern group-resource-profile-list ^group-resource-profiles\.(?P<format>[a-z0-9]+)/?$>
[2019-04-16 14:58:52,693 django_airavata.apps.api.urls:80 DEBUG] router url: <RegexURLPattern group-resource-profile-detail ^group-resource-profiles/(?P<group_resource_profile_id>[^/]+)/$>
[2019-04-16 14:58:52,694 django_airavata.apps.api.urls:80 DEBUG] router url: <RegexURLPattern group-resource-profile-detail ^group-resource-profiles/(?P<group_resource_profile_id>[^/]+)\.(?P<format>[a-z0-9]+)/?$>
[2019-04-16 14:58:52,694 django_airavata.apps.api.urls:80 DEBUG] router url: <RegexURLPattern shared-entity-detail ^shared-entities/(?P<entity_id>[^/]+)/$>
[2019-04-16 14:58:52,695 django_airavata.apps.api.urls:80 DEBUG] router url: <RegexURLPattern shared-entity-detail ^shared-entities/(?P<entity_id>[^/]+)\.(?P<format>[a-z0-9]+)/?$>
[2019-04-16 14:58:52,695 django_airavata.apps.api.urls:80 DEBUG] router url: <RegexURLPattern shared-entity-merge ^shared-entities/(?P<entity_id>[^/]+)/merge/$>
[2019-04-16 14:58:52,696 django_airavata.apps.api.urls:80 DEBUG] router url: <RegexURLPattern shared-entity-merge ^shared-entities/(?P<entity_id>[^/]+)/merge\.(?P<format>[a-z0-9]+)/?$>
[2019-04-16 14:58:52,696 django_airavata.apps.api.urls:80 DEBUG] router url: <RegexURLPattern compute-resource-all-names ^compute-resources/all_names/$>
[2019-04-16 14:58:52,696 django_airavata.apps.api.urls:80 DEBUG] router url: <RegexURLPattern compute-resource-all-names ^compute-resources/all_names\.(?P<format>[a-z0-9]+)/?$>
[2019-04-16 14:58:52,697 django_airavata.apps.api.urls:80 DEBUG] router url: <RegexURLPattern compute-resource-all-names-list ^compute-resources/all_names_list/$>
[2019-04-16 14:58:52,697 django_airavata.apps.api.urls:80 DEBUG] router url: <RegexURLPattern compute-resource-all-names-list ^compute-resources/all_names_list\.(?P<format>[a-z0-9]+)/?$>
[2019-04-16 14:58:52,697 django_airavata.apps.api.urls:80 DEBUG] router url: <RegexURLPattern compute-resource-detail ^compute-resources/(?P<compute_resource_id>[^/]+)/$>
[2019-04-16 14:58:52,698 django_airavata.apps.api.urls:80 DEBUG] router url: <RegexURLPattern compute-resource-detail ^compute-resources/(?P<compute_resource_id>[^/]+)\.(?P<format>[a-z0-9]+)/?$>
[2019-04-16 14:58:52,698 django_airavata.apps.api.urls:80 DEBUG] router url: <RegexURLPattern compute-resource-queues ^compute-resources/(?P<compute_resource_id>[^/]+)/queues/$>
[2019-04-16 14:58:52,699 django_airavata.apps.api.urls:80 DEBUG] router url: <RegexURLPattern compute-resource-queues ^compute-resources/(?P<compute_resource_id>[^/]+)/queues\.(?P<format>[a-z0-9]+)/?$>
[2019-04-16 14:58:52,699 django_airavata.apps.api.urls:80 DEBUG] router url: <RegexURLPattern storage-resource-all-names ^storage-resources/all_names/$>
[2019-04-16 14:58:52,699 django_airavata.apps.api.urls:80 DEBUG] router url: <RegexURLPattern storage-resource-all-names ^storage-resources/all_names\.(?P<format>[a-z0-9]+)/?$>
[2019-04-16 14:58:52,699 django_airavata.apps.api.urls:80 DEBUG] router url: <RegexURLPattern storage-resource-detail ^storage-resources/(?P<storage_resource_id>[^/]+)/$>
[2019-04-16 14:58:52,700 django_airavata.apps.api.urls:80 DEBUG] router url: <RegexURLPattern storage-resource-detail ^storage-resources/(?P<storage_resource_id>[^/]+)\.(?P<format>[a-z0-9]+)/?$>
[2019-04-16 14:58:52,700 django_airavata.apps.api.urls:80 DEBUG] router url: <RegexURLPattern credential-summary-list ^credential-summaries/$>
[2019-04-16 14:58:52,701 django_airavata.apps.api.urls:80 DEBUG] router url: <RegexURLPattern credential-summary-list ^credential-summaries\.(?P<format>[a-z0-9]+)/?$>
[2019-04-16 14:58:52,701 django_airavata.apps.api.urls:80 DEBUG] router url: <RegexURLPattern credential-summary-create-password ^credential-summaries/create_password/$>
[2019-04-16 14:58:52,701 django_airavata.apps.api.urls:80 DEBUG] router url: <RegexURLPattern credential-summary-create-password ^credential-summaries/create_password\.(?P<format>[a-z0-9]+)/?$>
[2019-04-16 14:58:52,701 django_airavata.apps.api.urls:80 DEBUG] router url: <RegexURLPattern credential-summary-create-ssh ^credential-summaries/create_ssh/$>
[2019-04-16 14:58:52,714 django_airavata.apps.api.urls:80 DEBUG] router url: <RegexURLPattern credential-summary-create-ssh ^credential-summaries/create_ssh\.(?P<format>[a-z0-9]+)/?$>
[2019-04-16 14:58:52,715 django_airavata.apps.api.urls:80 DEBUG] router url: <RegexURLPattern credential-summary-password ^credential-summaries/password/$>
[2019-04-16 14:58:52,715 django_airavata.apps.api.urls:80 DEBUG] router url: <RegexURLPattern credential-summary-password ^credential-summaries/password\.(?P<format>[a-z0-9]+)/?$>
[2019-04-16 14:58:52,715 django_airavata.apps.api.urls:80 DEBUG] router url: <RegexURLPattern credential-summary-ssh ^credential-summaries/ssh/$>
[2019-04-16 14:58:52,716 django_airavata.apps.api.urls:80 DEBUG] router url: <RegexURLPattern credential-summary-ssh ^credential-summaries/ssh\.(?P<format>[a-z0-9]+)/?$>
[2019-04-16 14:58:52,716 django_airavata.apps.api.urls:80 DEBUG] router url: <RegexURLPattern credential-summary-detail ^credential-summaries/(?P<pk>[^/]+)/$>
[2019-04-16 14:58:52,716 django_airavata.apps.api.urls:80 DEBUG] router url: <RegexURLPattern credential-summary-detail ^credential-summaries/(?P<pk>[^/]+)\.(?P<format>[a-z0-9]+)/?$>
[2019-04-16 14:58:52,716 django_airavata.apps.api.urls:80 DEBUG] router url: <RegexURLPattern gateway-resource-profile-list ^gateway-resource-profiles/$>
[2019-04-16 14:58:52,717 django_airavata.apps.api.urls:80 DEBUG] router url: <RegexURLPattern gateway-resource-profile-list ^gateway-resource-profiles\.(?P<format>[a-z0-9]+)/?$>
[2019-04-16 14:58:52,717 django_airavata.apps.api.urls:80 DEBUG] router url: <RegexURLPattern gateway-resource-profile-detail ^gateway-resource-profiles/(?P<gateway_id>[^/]+)/$>
[2019-04-16 14:58:52,717 django_airavata.apps.api.urls:80 DEBUG] router url: <RegexURLPattern gateway-resource-profile-detail ^gateway-resource-profiles/(?P<gateway_id>[^/]+)\.(?P<format>[a-z0-9]+)/?$>
[2019-04-16 14:58:52,719 django_airavata.apps.api.urls:80 DEBUG] router url: <RegexURLPattern storage-preference-list ^storage-preferences/$>
[2019-04-16 14:58:52,720 django_airavata.apps.api.urls:80 DEBUG] router url: <RegexURLPattern storage-preference-list ^storage-preferences\.(?P<format>[a-z0-9]+)/?$>
[2019-04-16 14:58:52,720 django_airavata.apps.api.urls:80 DEBUG] router url: <RegexURLPattern storage-preference-detail ^storage-preferences/(?P<storage_resource_id>[^/]+)/$>
[2019-04-16 14:58:52,720 django_airavata.apps.api.urls:80 DEBUG] router url: <RegexURLPattern storage-preference-detail ^storage-preferences/(?P<storage_resource_id>[^/]+)\.(?P<format>[a-z0-9]+)/?$>
[2019-04-16 14:58:52,720 django_airavata.apps.api.urls:80 DEBUG] router url: <RegexURLPattern parser-list ^parsers/$>
[2019-04-16 14:58:52,721 django_airavata.apps.api.urls:80 DEBUG] router url: <RegexURLPattern parser-list ^parsers\.(?P<format>[a-z0-9]+)/?$>
[2019-04-16 14:58:52,722 django_airavata.apps.api.urls:80 DEBUG] router url: <RegexURLPattern parser-detail ^parsers/(?P<parser_id>[^/]+)/$>
[2019-04-16 14:58:52,723 django_airavata.apps.api.urls:80 DEBUG] router url: <RegexURLPattern parser-detail ^parsers/(?P<parser_id>[^/]+)\.(?P<format>[a-z0-9]+)/?$>
[2019-04-16 14:58:52,723 django_airavata.apps.api.urls:80 DEBUG] router url: <RegexURLPattern api-root ^$>
[2019-04-16 14:58:52,723 django_airavata.apps.api.urls:80 DEBUG] router url: <RegexURLPattern api-root ^\.(?P<format>[a-z0-9]+)/?$>
[2019-04-16 14:58:59,156 django_airavata.apps.api.urls:80 DEBUG] router url: <RegexURLPattern project-list ^projects/$>
[2019-04-16 14:58:59,156 django_airavata.apps.api.urls:80 DEBUG] router url: <RegexURLPattern project-list ^projects\.(?P<format>[a-z0-9]+)/?$>
[2019-04-16 14:58:59,156 django_airavata.apps.api.urls:80 DEBUG] router url: <RegexURLPattern project-list-all ^projects/list_all/$>
[2019-04-16 14:58:59,157 django_airavata.apps.api.urls:80 DEBUG] router url: <RegexURLPattern project-list-all ^projects/list_all\.(?P<format>[a-z0-9]+)/?$>
[2019-04-16 14:58:59,157 django_airavata.apps.api.urls:80 DEBUG] router url: <RegexURLPattern project-detail ^projects/(?P<project_id>[^/]+)/$>
[2019-04-16 14:58:59,157 django_airavata.apps.api.urls:80 DEBUG] router url: <RegexURLPattern project-detail ^projects/(?P<project_id>[^/]+)\.(?P<format>[a-z0-9]+)/?$>
[2019-04-16 14:58:59,157 django_airavata.apps.api.urls:80 DEBUG] router url: <RegexURLPattern project-experiments ^projects/(?P<project_id>[^/]+)/experiments/$>
[2019-04-16 14:58:59,158 django_airavata.apps.api.urls:80 DEBUG] router url: <RegexURLPattern project-experiments ^projects/(?P<project_id>[^/]+)/experiments\.(?P<format>[a-z0-9]+)/?$>
[2019-04-16 14:58:59,158 django_airavata.apps.api.urls:80 DEBUG] router url: <RegexURLPattern experiment-list ^experiments/$>
[2019-04-16 14:58:59,158 django_airavata.apps.api.urls:80 DEBUG] router url: <RegexURLPattern experiment-list ^experiments\.(?P<format>[a-z0-9]+)/?$>
[2019-04-16 14:58:59,158 django_airavata.apps.api.urls:80 DEBUG] router url: <RegexURLPattern experiment-detail ^experiments/(?P<experiment_id>[^/]+)/$>
[2019-04-16 14:58:59,159 django_airavata.apps.api.urls:80 DEBUG] router url: <RegexURLPattern experiment-detail ^experiments/(?P<experiment_id>[^/]+)\.(?P<format>[a-z0-9]+)/?$>
[2019-04-16 14:58:59,159 django_airavata.apps.api.urls:80 DEBUG] router url: <RegexURLPattern experiment-clone ^experiments/(?P<experiment_id>[^/]+)/clone/$>
[2019-04-16 14:58:59,159 django_airavata.apps.api.urls:80 DEBUG] router url: <RegexURLPattern experiment-clone ^experiments/(?P<experiment_id>[^/]+)/clone\.(?P<format>[a-z0-9]+)/?$>
[2019-04-16 14:58:59,160 django_airavata.apps.api.urls:80 DEBUG] router url: <RegexURLPattern experiment-jobs ^experiments/(?P<experiment_id>[^/]+)/jobs/$>
[2019-04-16 14:58:59,160 django_airavata.apps.api.urls:80 DEBUG] router url: <RegexURLPattern experiment-jobs ^experiments/(?P<experiment_id>[^/]+)/jobs\.(?P<format>[a-z0-9]+)/?$>
[2019-04-16 14:58:59,160 django_airavata.apps.api.urls:80 DEBUG] router url: <RegexURLPattern experiment-launch ^experiments/(?P<experiment_id>[^/]+)/launch/$>
[2019-04-16 14:58:59,161 django_airavata.apps.api.urls:80 DEBUG] router url: <RegexURLPattern experiment-launch ^experiments/(?P<experiment_id>[^/]+)/launch\.(?P<format>[a-z0-9]+)/?$>
[2019-04-16 14:58:59,161 django_airavata.apps.api.urls:80 DEBUG] router url: <RegexURLPattern full-experiment-detail ^full-experiments/(?P<experiment_id>[^/]+)/$>
[2019-04-16 14:58:59,161 django_airavata.apps.api.urls:80 DEBUG] router url: <RegexURLPattern full-experiment-detail ^full-experiments/(?P<experiment_id>[^/]+)\.(?P<format>[a-z0-9]+)/?$>
[2019-04-16 14:58:59,162 django_airavata.apps.api.urls:80 DEBUG] router url: <RegexURLPattern experiment-search-list ^experiment-search/$>
[2019-04-16 14:58:59,162 django_airavata.apps.api.urls:80 DEBUG] router url: <RegexURLPattern experiment-search-list ^experiment-search\.(?P<format>[a-z0-9]+)/?$>
[2019-04-16 14:58:59,162 django_airavata.apps.api.urls:80 DEBUG] router url: <RegexURLPattern group-list ^groups/$>
[2019-04-16 14:58:59,162 django_airavata.apps.api.urls:80 DEBUG] router url: <RegexURLPattern group-list ^groups\.(?P<format>[a-z0-9]+)/?$>
[2019-04-16 14:58:59,162 django_airavata.apps.api.urls:80 DEBUG] router url: <RegexURLPattern group-detail ^groups/(?P<group_id>[^/]+)/$>
[2019-04-16 14:58:59,163 django_airavata.apps.api.urls:80 DEBUG] router url: <RegexURLPattern group-detail ^groups/(?P<group_id>[^/]+)\.(?P<format>[a-z0-9]+)/?$>
[2019-04-16 14:58:59,163 django_airavata.apps.api.urls:80 DEBUG] router url: <RegexURLPattern application-interface-list ^application-interfaces/$>
[2019-04-16 14:58:59,163 django_airavata.apps.api.urls:80 DEBUG] router url: <RegexURLPattern application-interface-list ^application-interfaces\.(?P<format>[a-z0-9]+)/?$>
[2019-04-16 14:58:59,163 django_airavata.apps.api.urls:80 DEBUG] router url: <RegexURLPattern application-interface-detail ^application-interfaces/(?P<app_interface_id>[^/]+)/$>
[2019-04-16 14:58:59,164 django_airavata.apps.api.urls:80 DEBUG] router url: <RegexURLPattern application-interface-detail ^application-interfaces/(?P<app_interface_id>[^/]+)\.(?P<format>[a-z0-9]+)/?$>
[2019-04-16 14:58:59,164 django_airavata.apps.api.urls:80 DEBUG] router url: <RegexURLPattern application-interface-compute-resources ^application-interfaces/(?P<app_interface_id>[^/]+)/compute_resources/$>
[2019-04-16 14:58:59,165 django_airavata.apps.api.urls:80 DEBUG] router url: <RegexURLPattern application-interface-compute-resources ^application-interfaces/(?P<app_interface_id>[^/]+)/compute_resources\.(?P<format>[a-z0-9]+)/?$>
[2019-04-16 14:58:59,165 django_airavata.apps.api.urls:80 DEBUG] router url: <RegexURLPattern application-list ^applications/$>
[2019-04-16 14:58:59,165 django_airavata.apps.api.urls:80 DEBUG] router url: <RegexURLPattern application-list ^applications\.(?P<format>[a-z0-9]+)/?$>
[2019-04-16 14:58:59,165 django_airavata.apps.api.urls:80 DEBUG] router url: <RegexURLPattern application-list-all ^applications/list_all/$>
[2019-04-16 14:58:59,166 django_airavata.apps.api.urls:80 DEBUG] router url: <RegexURLPattern application-list-all ^applications/list_all\.(?P<format>[a-z0-9]+)/?$>
[2019-04-16 14:58:59,166 django_airavata.apps.api.urls:80 DEBUG] router url: <RegexURLPattern application-detail ^applications/(?P<app_module_id>[^/]+)/$>
[2019-04-16 14:58:59,166 django_airavata.apps.api.urls:80 DEBUG] router url: <RegexURLPattern application-detail ^applications/(?P<app_module_id>[^/]+)\.(?P<format>[a-z0-9]+)/?$>
[2019-04-16 14:58:59,166 django_airavata.apps.api.urls:80 DEBUG] router url: <RegexURLPattern application-application-deployments ^applications/(?P<app_module_id>[^/]+)/application_deployments/$>
[2019-04-16 14:58:59,167 django_airavata.apps.api.urls:80 DEBUG] router url: <RegexURLPattern application-application-deployments ^applications/(?P<app_module_id>[^/]+)/application_deployments\.(?P<format>[a-z0-9]+)/?$>
[2019-04-16 14:58:59,167 django_airavata.apps.api.urls:80 DEBUG] router url: <RegexURLPattern application-application-interface ^applications/(?P<app_module_id>[^/]+)/application_interface/$>
[2019-04-16 14:58:59,167 django_airavata.apps.api.urls:80 DEBUG] router url: <RegexURLPattern application-application-interface ^applications/(?P<app_module_id>[^/]+)/application_interface\.(?P<format>[a-z0-9]+)/?$>
[2019-04-16 14:58:59,168 django_airavata.apps.api.urls:80 DEBUG] router url: <RegexURLPattern application-deployment-list ^application-deployments/$>
[2019-04-16 14:58:59,168 django_airavata.apps.api.urls:80 DEBUG] router url: <RegexURLPattern application-deployment-list ^application-deployments\.(?P<format>[a-z0-9]+)/?$>
[2019-04-16 14:58:59,168 django_airavata.apps.api.urls:80 DEBUG] router url: <RegexURLPattern application-deployment-detail ^application-deployments/(?P<app_deployment_id>[^/]+)/$>
[2019-04-16 14:58:59,169 django_airavata.apps.api.urls:80 DEBUG] router url: <RegexURLPattern application-deployment-detail ^application-deployments/(?P<app_deployment_id>[^/]+)\.(?P<format>[a-z0-9]+)/?$>
[2019-04-16 14:58:59,169 django_airavata.apps.api.urls:80 DEBUG] router url: <RegexURLPattern application-deployment-queues ^application-deployments/(?P<app_deployment_id>[^/]+)/queues/$>
[2019-04-16 14:58:59,169 django_airavata.apps.api.urls:80 DEBUG] router url: <RegexURLPattern application-deployment-queues ^application-deployments/(?P<app_deployment_id>[^/]+)/queues\.(?P<format>[a-z0-9]+)/?$>
[2019-04-16 14:58:59,169 django_airavata.apps.api.urls:80 DEBUG] router url: <RegexURLPattern user-profile-list ^user-profiles/$>
[2019-04-16 14:58:59,170 django_airavata.apps.api.urls:80 DEBUG] router url: <RegexURLPattern user-profile-list ^user-profiles\.(?P<format>[a-z0-9]+)/?$>
[2019-04-16 14:58:59,170 django_airavata.apps.api.urls:80 DEBUG] router url: <RegexURLPattern group-resource-profile-list ^group-resource-profiles/$>
[2019-04-16 14:58:59,170 django_airavata.apps.api.urls:80 DEBUG] router url: <RegexURLPattern group-resource-profile-list ^group-resource-profiles\.(?P<format>[a-z0-9]+)/?$>
[2019-04-16 14:58:59,171 django_airavata.apps.api.urls:80 DEBUG] router url: <RegexURLPattern group-resource-profile-detail ^group-resource-profiles/(?P<group_resource_profile_id>[^/]+)/$>
[2019-04-16 14:58:59,171 django_airavata.apps.api.urls:80 DEBUG] router url: <RegexURLPattern group-resource-profile-detail ^group-resource-profiles/(?P<group_resource_profile_id>[^/]+)\.(?P<format>[a-z0-9]+)/?$>
[2019-04-16 14:58:59,171 django_airavata.apps.api.urls:80 DEBUG] router url: <RegexURLPattern shared-entity-detail ^shared-entities/(?P<entity_id>[^/]+)/$>
[2019-04-16 14:58:59,172 django_airavata.apps.api.urls:80 DEBUG] router url: <RegexURLPattern shared-entity-detail ^shared-entities/(?P<entity_id>[^/]+)\.(?P<format>[a-z0-9]+)/?$>
[2019-04-16 14:58:59,172 django_airavata.apps.api.urls:80 DEBUG] router url: <RegexURLPattern shared-entity-merge ^shared-entities/(?P<entity_id>[^/]+)/merge/$>
[2019-04-16 14:58:59,172 django_airavata.apps.api.urls:80 DEBUG] router url: <RegexURLPattern shared-entity-merge ^shared-entities/(?P<entity_id>[^/]+)/merge\.(?P<format>[a-z0-9]+)/?$>
[2019-04-16 14:58:59,172 django_airavata.apps.api.urls:80 DEBUG] router url: <RegexURLPattern compute-resource-all-names ^compute-resources/all_names/$>
[2019-04-16 14:58:59,173 django_airavata.apps.api.urls:80 DEBUG] router url: <RegexURLPattern compute-resource-all-names ^compute-resources/all_names\.(?P<format>[a-z0-9]+)/?$>
[2019-04-16 14:58:59,173 django_airavata.apps.api.urls:80 DEBUG] router url: <RegexURLPattern compute-resource-all-names-list ^compute-resources/all_names_list/$>
[2019-04-16 14:58:59,173 django_airavata.apps.api.urls:80 DEBUG] router url: <RegexURLPattern compute-resource-all-names-list ^compute-resources/all_names_list\.(?P<format>[a-z0-9]+)/?$>
[2019-04-16 14:58:59,174 django_airavata.apps.api.urls:80 DEBUG] router url: <RegexURLPattern compute-resource-detail ^compute-resources/(?P<compute_resource_id>[^/]+)/$>
[2019-04-16 14:58:59,174 django_airavata.apps.api.urls:80 DEBUG] router url: <RegexURLPattern compute-resource-detail ^compute-resources/(?P<compute_resource_id>[^/]+)\.(?P<format>[a-z0-9]+)/?$>
[2019-04-16 14:58:59,174 django_airavata.apps.api.urls:80 DEBUG] router url: <RegexURLPattern compute-resource-queues ^compute-resources/(?P<compute_resource_id>[^/]+)/queues/$>
[2019-04-16 14:58:59,175 django_airavata.apps.api.urls:80 DEBUG] router url: <RegexURLPattern compute-resource-queues ^compute-resources/(?P<compute_resource_id>[^/]+)/queues\.(?P<format>[a-z0-9]+)/?$>
[2019-04-16 14:58:59,175 django_airavata.apps.api.urls:80 DEBUG] router url: <RegexURLPattern storage-resource-all-names ^storage-resources/all_names/$>
[2019-04-16 14:58:59,175 django_airavata.apps.api.urls:80 DEBUG] router url: <RegexURLPattern storage-resource-all-names ^storage-resources/all_names\.(?P<format>[a-z0-9]+)/?$>
[2019-04-16 14:58:59,176 django_airavata.apps.api.urls:80 DEBUG] router url: <RegexURLPattern storage-resource-detail ^storage-resources/(?P<storage_resource_id>[^/]+)/$>
[2019-04-16 14:58:59,176 django_airavata.apps.api.urls:80 DEBUG] router url: <RegexURLPattern storage-resource-detail ^storage-resources/(?P<storage_resource_id>[^/]+)\.(?P<format>[a-z0-9]+)/?$>
[2019-04-16 14:58:59,176 django_airavata.apps.api.urls:80 DEBUG] router url: <RegexURLPattern credential-summary-list ^credential-summaries/$>
[2019-04-16 14:58:59,177 django_airavata.apps.api.urls:80 DEBUG] router url: <RegexURLPattern credential-summary-list ^credential-summaries\.(?P<format>[a-z0-9]+)/?$>
[2019-04-16 14:58:59,177 django_airavata.apps.api.urls:80 DEBUG] router url: <RegexURLPattern credential-summary-create-password ^credential-summaries/create_password/$>
[2019-04-16 14:58:59,177 django_airavata.apps.api.urls:80 DEBUG] router url: <RegexURLPattern credential-summary-create-password ^credential-summaries/create_password\.(?P<format>[a-z0-9]+)/?$>
[2019-04-16 14:58:59,177 django_airavata.apps.api.urls:80 DEBUG] router url: <RegexURLPattern credential-summary-create-ssh ^credential-summaries/create_ssh/$>
[2019-04-16 14:58:59,178 django_airavata.apps.api.urls:80 DEBUG] router url: <RegexURLPattern credential-summary-create-ssh ^credential-summaries/create_ssh\.(?P<format>[a-z0-9]+)/?$>
[2019-04-16 14:58:59,178 django_airavata.apps.api.urls:80 DEBUG] router url: <RegexURLPattern credential-summary-password ^credential-summaries/password/$>
[2019-04-16 14:58:59,179 django_airavata.apps.api.urls:80 DEBUG] router url: <RegexURLPattern credential-summary-password ^credential-summaries/password\.(?P<format>[a-z0-9]+)/?$>
[2019-04-16 14:58:59,180 django_airavata.apps.api.urls:80 DEBUG] router url: <RegexURLPattern credential-summary-ssh ^credential-summaries/ssh/$>
[2019-04-16 14:58:59,180 django_airavata.apps.api.urls:80 DEBUG] router url: <RegexURLPattern credential-summary-ssh ^credential-summaries/ssh\.(?P<format>[a-z0-9]+)/?$>
[2019-04-16 14:58:59,180 django_airavata.apps.api.urls:80 DEBUG] router url: <RegexURLPattern credential-summary-detail ^credential-summaries/(?P<pk>[^/]+)/$>
[2019-04-16 14:58:59,181 django_airavata.apps.api.urls:80 DEBUG] router url: <RegexURLPattern credential-summary-detail ^credential-summaries/(?P<pk>[^/]+)\.(?P<format>[a-z0-9]+)/?$>
[2019-04-16 14:58:59,181 django_airavata.apps.api.urls:80 DEBUG] router url: <RegexURLPattern gateway-resource-profile-list ^gateway-resource-profiles/$>
[2019-04-16 14:58:59,181 django_airavata.apps.api.urls:80 DEBUG] router url: <RegexURLPattern gateway-resource-profile-list ^gateway-resource-profiles\.(?P<format>[a-z0-9]+)/?$>
[2019-04-16 14:58:59,181 django_airavata.apps.api.urls:80 DEBUG] router url: <RegexURLPattern gateway-resource-profile-detail ^gateway-resource-profiles/(?P<gateway_id>[^/]+)/$>
[2019-04-16 14:58:59,182 django_airavata.apps.api.urls:80 DEBUG] router url: <RegexURLPattern gateway-resource-profile-detail ^gateway-resource-profiles/(?P<gateway_id>[^/]+)\.(?P<format>[a-z0-9]+)/?$>
[2019-04-16 14:58:59,182 django_airavata.apps.api.urls:80 DEBUG] router url: <RegexURLPattern storage-preference-list ^storage-preferences/$>
[2019-04-16 14:58:59,182 django_airavata.apps.api.urls:80 DEBUG] router url: <RegexURLPattern storage-preference-list ^storage-preferences\.(?P<format>[a-z0-9]+)/?$>
[2019-04-16 14:58:59,182 django_airavata.apps.api.urls:80 DEBUG] router url: <RegexURLPattern storage-preference-detail ^storage-preferences/(?P<storage_resource_id>[^/]+)/$>
[2019-04-16 14:58:59,183 django_airavata.apps.api.urls:80 DEBUG] router url: <RegexURLPattern storage-preference-detail ^storage-preferences/(?P<storage_resource_id>[^/]+)\.(?P<format>[a-z0-9]+)/?$>
[2019-04-16 14:58:59,183 django_airavata.apps.api.urls:80 DEBUG] router url: <RegexURLPattern parser-list ^parsers/$>
[2019-04-16 14:58:59,183 django_airavata.apps.api.urls:80 DEBUG] router url: <RegexURLPattern parser-list ^parsers\.(?P<format>[a-z0-9]+)/?$>
[2019-04-16 14:58:59,184 django_airavata.apps.api.urls:80 DEBUG] router url: <RegexURLPattern parser-detail ^parsers/(?P<parser_id>[^/]+)/$>
[2019-04-16 14:58:59,184 django_airavata.apps.api.urls:80 DEBUG] router url: <RegexURLPattern parser-detail ^parsers/(?P<parser_id>[^/]+)\.(?P<format>[a-z0-9]+)/?$>
[2019-04-16 14:58:59,184 django_airavata.apps.api.urls:80 DEBUG] router url: <RegexURLPattern api-root ^$>
[2019-04-16 14:58:59,184 django_airavata.apps.api.urls:80 DEBUG] router url: <RegexURLPattern api-root ^\.(?P<format>[a-z0-9]+)/?$>
[2019-04-16 16:44:16,129 django_airavata.apps.api.urls:80 DEBUG] router url: <RegexURLPattern project-list ^projects/$>
[2019-04-16 16:44:16,130 django_airavata.apps.api.urls:80 DEBUG] router url: <RegexURLPattern project-list ^projects\.(?P<format>[a-z0-9]+)/?$>
[2019-04-16 16:44:16,130 django_airavata.apps.api.urls:80 DEBUG] router url: <RegexURLPattern project-list-all ^projects/list_all/$>
[2019-04-16 16:44:16,130 django_airavata.apps.api.urls:80 DEBUG] router url: <RegexURLPattern project-list-all ^projects/list_all\.(?P<format>[a-z0-9]+)/?$>
[2019-04-16 16:44:16,130 django_airavata.apps.api.urls:80 DEBUG] router url: <RegexURLPattern project-detail ^projects/(?P<project_id>[^/]+)/$>
[2019-04-16 16:44:16,130 django_airavata.apps.api.urls:80 DEBUG] router url: <RegexURLPattern project-detail ^projects/(?P<project_id>[^/]+)\.(?P<format>[a-z0-9]+)/?$>
[2019-04-16 16:44:16,131 django_airavata.apps.api.urls:80 DEBUG] router url: <RegexURLPattern project-experiments ^projects/(?P<project_id>[^/]+)/experiments/$>
[2019-04-16 16:44:16,131 django_airavata.apps.api.urls:80 DEBUG] router url: <RegexURLPattern project-experiments ^projects/(?P<project_id>[^/]+)/experiments\.(?P<format>[a-z0-9]+)/?$>
[2019-04-16 16:44:16,131 django_airavata.apps.api.urls:80 DEBUG] router url: <RegexURLPattern experiment-list ^experiments/$>
[2019-04-16 16:44:16,131 django_airavata.apps.api.urls:80 DEBUG] router url: <RegexURLPattern experiment-list ^experiments\.(?P<format>[a-z0-9]+)/?$>
[2019-04-16 16:44:16,131 django_airavata.apps.api.urls:80 DEBUG] router url: <RegexURLPattern experiment-detail ^experiments/(?P<experiment_id>[^/]+)/$>
[2019-04-16 16:44:16,132 django_airavata.apps.api.urls:80 DEBUG] router url: <RegexURLPattern experiment-detail ^experiments/(?P<experiment_id>[^/]+)\.(?P<format>[a-z0-9]+)/?$>
[2019-04-16 16:44:16,132 django_airavata.apps.api.urls:80 DEBUG] router url: <RegexURLPattern experiment-clone ^experiments/(?P<experiment_id>[^/]+)/clone/$>
[2019-04-16 16:44:16,132 django_airavata.apps.api.urls:80 DEBUG] router url: <RegexURLPattern experiment-clone ^experiments/(?P<experiment_id>[^/]+)/clone\.(?P<format>[a-z0-9]+)/?$>
[2019-04-16 16:44:16,132 django_airavata.apps.api.urls:80 DEBUG] router url: <RegexURLPattern experiment-jobs ^experiments/(?P<experiment_id>[^/]+)/jobs/$>
[2019-04-16 16:44:16,132 django_airavata.apps.api.urls:80 DEBUG] router url: <RegexURLPattern experiment-jobs ^experiments/(?P<experiment_id>[^/]+)/jobs\.(?P<format>[a-z0-9]+)/?$>
[2019-04-16 16:44:16,132 django_airavata.apps.api.urls:80 DEBUG] router url: <RegexURLPattern experiment-launch ^experiments/(?P<experiment_id>[^/]+)/launch/$>
[2019-04-16 16:44:16,133 django_airavata.apps.api.urls:80 DEBUG] router url: <RegexURLPattern experiment-launch ^experiments/(?P<experiment_id>[^/]+)/launch\.(?P<format>[a-z0-9]+)/?$>
[2019-04-16 16:44:16,133 django_airavata.apps.api.urls:80 DEBUG] router url: <RegexURLPattern full-experiment-detail ^full-experiments/(?P<experiment_id>[^/]+)/$>
[2019-04-16 16:44:16,133 django_airavata.apps.api.urls:80 DEBUG] router url: <RegexURLPattern full-experiment-detail ^full-experiments/(?P<experiment_id>[^/]+)\.(?P<format>[a-z0-9]+)/?$>
[2019-04-16 16:44:16,133 django_airavata.apps.api.urls:80 DEBUG] router url: <RegexURLPattern experiment-search-list ^experiment-search/$>
[2019-04-16 16:44:16,133 django_airavata.apps.api.urls:80 DEBUG] router url: <RegexURLPattern experiment-search-list ^experiment-search\.(?P<format>[a-z0-9]+)/?$>
[2019-04-16 16:44:16,133 django_airavata.apps.api.urls:80 DEBUG] router url: <RegexURLPattern group-list ^groups/$>
[2019-04-16 16:44:16,134 django_airavata.apps.api.urls:80 DEBUG] router url: <RegexURLPattern group-list ^groups\.(?P<format>[a-z0-9]+)/?$>
[2019-04-16 16:44:16,134 django_airavata.apps.api.urls:80 DEBUG] router url: <RegexURLPattern group-detail ^groups/(?P<group_id>[^/]+)/$>
[2019-04-16 16:44:16,134 django_airavata.apps.api.urls:80 DEBUG] router url: <RegexURLPattern group-detail ^groups/(?P<group_id>[^/]+)\.(?P<format>[a-z0-9]+)/?$>
[2019-04-16 16:44:16,134 django_airavata.apps.api.urls:80 DEBUG] router url: <RegexURLPattern application-interface-list ^application-interfaces/$>
[2019-04-16 16:44:16,134 django_airavata.apps.api.urls:80 DEBUG] router url: <RegexURLPattern application-interface-list ^application-interfaces\.(?P<format>[a-z0-9]+)/?$>
[2019-04-16 16:44:16,134 django_airavata.apps.api.urls:80 DEBUG] router url: <RegexURLPattern application-interface-detail ^application-interfaces/(?P<app_interface_id>[^/]+)/$>
[2019-04-16 16:44:16,135 django_airavata.apps.api.urls:80 DEBUG] router url: <RegexURLPattern application-interface-detail ^application-interfaces/(?P<app_interface_id>[^/]+)\.(?P<format>[a-z0-9]+)/?$>
[2019-04-16 16:44:16,135 django_airavata.apps.api.urls:80 DEBUG] router url: <RegexURLPattern application-interface-compute-resources ^application-interfaces/(?P<app_interface_id>[^/]+)/compute_resources/$>
[2019-04-16 16:44:16,135 django_airavata.apps.api.urls:80 DEBUG] router url: <RegexURLPattern application-interface-compute-resources ^application-interfaces/(?P<app_interface_id>[^/]+)/compute_resources\.(?P<format>[a-z0-9]+)/?$>
[2019-04-16 16:44:16,135 django_airavata.apps.api.urls:80 DEBUG] router url: <RegexURLPattern application-list ^applications/$>
[2019-04-16 16:44:16,136 django_airavata.apps.api.urls:80 DEBUG] router url: <RegexURLPattern application-list ^applications\.(?P<format>[a-z0-9]+)/?$>
[2019-04-16 16:44:16,136 django_airavata.apps.api.urls:80 DEBUG] router url: <RegexURLPattern application-list-all ^applications/list_all/$>
[2019-04-16 16:44:16,136 django_airavata.apps.api.urls:80 DEBUG] router url: <RegexURLPattern application-list-all ^applications/list_all\.(?P<format>[a-z0-9]+)/?$>
[2019-04-16 16:44:16,137 django_airavata.apps.api.urls:80 DEBUG] router url: <RegexURLPattern application-detail ^applications/(?P<app_module_id>[^/]+)/$>
[2019-04-16 16:44:16,137 django_airavata.apps.api.urls:80 DEBUG] router url: <RegexURLPattern application-detail ^applications/(?P<app_module_id>[^/]+)\.(?P<format>[a-z0-9]+)/?$>
[2019-04-16 16:44:16,137 django_airavata.apps.api.urls:80 DEBUG] router url: <RegexURLPattern application-application-deployments ^applications/(?P<app_module_id>[^/]+)/application_deployments/$>
[2019-04-16 16:44:16,137 django_airavata.apps.api.urls:80 DEBUG] router url: <RegexURLPattern application-application-deployments ^applications/(?P<app_module_id>[^/]+)/application_deployments\.(?P<format>[a-z0-9]+)/?$>
[2019-04-16 16:44:16,137 django_airavata.apps.api.urls:80 DEBUG] router url: <RegexURLPattern application-application-interface ^applications/(?P<app_module_id>[^/]+)/application_interface/$>
[2019-04-16 16:44:16,138 django_airavata.apps.api.urls:80 DEBUG] router url: <RegexURLPattern application-application-interface ^applications/(?P<app_module_id>[^/]+)/application_interface\.(?P<format>[a-z0-9]+)/?$>
[2019-04-16 16:44:16,138 django_airavata.apps.api.urls:80 DEBUG] router url: <RegexURLPattern application-deployment-list ^application-deployments/$>
[2019-04-16 16:44:16,138 django_airavata.apps.api.urls:80 DEBUG] router url: <RegexURLPattern application-deployment-list ^application-deployments\.(?P<format>[a-z0-9]+)/?$>
[2019-04-16 16:44:16,138 django_airavata.apps.api.urls:80 DEBUG] router url: <RegexURLPattern application-deployment-detail ^application-deployments/(?P<app_deployment_id>[^/]+)/$>
[2019-04-16 16:44:16,138 django_airavata.apps.api.urls:80 DEBUG] router url: <RegexURLPattern application-deployment-detail ^application-deployments/(?P<app_deployment_id>[^/]+)\.(?P<format>[a-z0-9]+)/?$>
[2019-04-16 16:44:16,139 django_airavata.apps.api.urls:80 DEBUG] router url: <RegexURLPattern application-deployment-queues ^application-deployments/(?P<app_deployment_id>[^/]+)/queues/$>
[2019-04-16 16:44:16,139 django_airavata.apps.api.urls:80 DEBUG] router url: <RegexURLPattern application-deployment-queues ^application-deployments/(?P<app_deployment_id>[^/]+)/queues\.(?P<format>[a-z0-9]+)/?$>
[2019-04-16 16:44:16,139 django_airavata.apps.api.urls:80 DEBUG] router url: <RegexURLPattern user-profile-list ^user-profiles/$>
[2019-04-16 16:44:16,139 django_airavata.apps.api.urls:80 DEBUG] router url: <RegexURLPattern user-profile-list ^user-profiles\.(?P<format>[a-z0-9]+)/?$>
[2019-04-16 16:44:16,139 django_airavata.apps.api.urls:80 DEBUG] router url: <RegexURLPattern group-resource-profile-list ^group-resource-profiles/$>
[2019-04-16 16:44:16,140 django_airavata.apps.api.urls:80 DEBUG] router url: <RegexURLPattern group-resource-profile-list ^group-resource-profiles\.(?P<format>[a-z0-9]+)/?$>
[2019-04-16 16:44:16,140 django_airavata.apps.api.urls:80 DEBUG] router url: <RegexURLPattern group-resource-profile-detail ^group-resource-profiles/(?P<group_resource_profile_id>[^/]+)/$>
[2019-04-16 16:44:16,140 django_airavata.apps.api.urls:80 DEBUG] router url: <RegexURLPattern group-resource-profile-detail ^group-resource-profiles/(?P<group_resource_profile_id>[^/]+)\.(?P<format>[a-z0-9]+)/?$>
[2019-04-16 16:44:16,140 django_airavata.apps.api.urls:80 DEBUG] router url: <RegexURLPattern shared-entity-detail ^shared-entities/(?P<entity_id>[^/]+)/$>
[2019-04-16 16:44:16,141 django_airavata.apps.api.urls:80 DEBUG] router url: <RegexURLPattern shared-entity-detail ^shared-entities/(?P<entity_id>[^/]+)\.(?P<format>[a-z0-9]+)/?$>
[2019-04-16 16:44:16,141 django_airavata.apps.api.urls:80 DEBUG] router url: <RegexURLPattern shared-entity-merge ^shared-entities/(?P<entity_id>[^/]+)/merge/$>
[2019-04-16 16:44:16,141 django_airavata.apps.api.urls:80 DEBUG] router url: <RegexURLPattern shared-entity-merge ^shared-entities/(?P<entity_id>[^/]+)/merge\.(?P<format>[a-z0-9]+)/?$>
[2019-04-16 16:44:16,141 django_airavata.apps.api.urls:80 DEBUG] router url: <RegexURLPattern compute-resource-all-names ^compute-resources/all_names/$>
[2019-04-16 16:44:16,141 django_airavata.apps.api.urls:80 DEBUG] router url: <RegexURLPattern compute-resource-all-names ^compute-resources/all_names\.(?P<format>[a-z0-9]+)/?$>
[2019-04-16 16:44:16,142 django_airavata.apps.api.urls:80 DEBUG] router url: <RegexURLPattern compute-resource-all-names-list ^compute-resources/all_names_list/$>
[2019-04-16 16:44:16,142 django_airavata.apps.api.urls:80 DEBUG] router url: <RegexURLPattern compute-resource-all-names-list ^compute-resources/all_names_list\.(?P<format>[a-z0-9]+)/?$>
[2019-04-16 16:44:16,142 django_airavata.apps.api.urls:80 DEBUG] router url: <RegexURLPattern compute-resource-detail ^compute-resources/(?P<compute_resource_id>[^/]+)/$>
[2019-04-16 16:44:16,142 django_airavata.apps.api.urls:80 DEBUG] router url: <RegexURLPattern compute-resource-detail ^compute-resources/(?P<compute_resource_id>[^/]+)\.(?P<format>[a-z0-9]+)/?$>
[2019-04-16 16:44:16,142 django_airavata.apps.api.urls:80 DEBUG] router url: <RegexURLPattern compute-resource-queues ^compute-resources/(?P<compute_resource_id>[^/]+)/queues/$>
[2019-04-16 16:44:16,143 django_airavata.apps.api.urls:80 DEBUG] router url: <RegexURLPattern compute-resource-queues ^compute-resources/(?P<compute_resource_id>[^/]+)/queues\.(?P<format>[a-z0-9]+)/?$>
[2019-04-16 16:44:16,143 django_airavata.apps.api.urls:80 DEBUG] router url: <RegexURLPattern storage-resource-all-names ^storage-resources/all_names/$>
[2019-04-16 16:44:16,143 django_airavata.apps.api.urls:80 DEBUG] router url: <RegexURLPattern storage-resource-all-names ^storage-resources/all_names\.(?P<format>[a-z0-9]+)/?$>
[2019-04-16 16:44:16,143 django_airavata.apps.api.urls:80 DEBUG] router url: <RegexURLPattern storage-resource-detail ^storage-resources/(?P<storage_resource_id>[^/]+)/$>
[2019-04-16 16:44:16,144 django_airavata.apps.api.urls:80 DEBUG] router url: <RegexURLPattern storage-resource-detail ^storage-resources/(?P<storage_resource_id>[^/]+)\.(?P<format>[a-z0-9]+)/?$>
[2019-04-16 16:44:16,144 django_airavata.apps.api.urls:80 DEBUG] router url: <RegexURLPattern credential-summary-list ^credential-summaries/$>
[2019-04-16 16:44:16,144 django_airavata.apps.api.urls:80 DEBUG] router url: <RegexURLPattern credential-summary-list ^credential-summaries\.(?P<format>[a-z0-9]+)/?$>
[2019-04-16 16:44:16,144 django_airavata.apps.api.urls:80 DEBUG] router url: <RegexURLPattern credential-summary-create-password ^credential-summaries/create_password/$>
[2019-04-16 16:44:16,145 django_airavata.apps.api.urls:80 DEBUG] router url: <RegexURLPattern credential-summary-create-password ^credential-summaries/create_password\.(?P<format>[a-z0-9]+)/?$>
[2019-04-16 16:44:16,145 django_airavata.apps.api.urls:80 DEBUG] router url: <RegexURLPattern credential-summary-create-ssh ^credential-summaries/create_ssh/$>
[2019-04-16 16:44:16,145 django_airavata.apps.api.urls:80 DEBUG] router url: <RegexURLPattern credential-summary-create-ssh ^credential-summaries/create_ssh\.(?P<format>[a-z0-9]+)/?$>
[2019-04-16 16:44:16,145 django_airavata.apps.api.urls:80 DEBUG] router url: <RegexURLPattern credential-summary-password ^credential-summaries/password/$>
[2019-04-16 16:44:16,146 django_airavata.apps.api.urls:80 DEBUG] router url: <RegexURLPattern credential-summary-password ^credential-summaries/password\.(?P<format>[a-z0-9]+)/?$>
[2019-04-16 16:44:16,146 django_airavata.apps.api.urls:80 DEBUG] router url: <RegexURLPattern credential-summary-ssh ^credential-summaries/ssh/$>
[2019-04-16 16:44:16,146 django_airavata.apps.api.urls:80 DEBUG] router url: <RegexURLPattern credential-summary-ssh ^credential-summaries/ssh\.(?P<format>[a-z0-9]+)/?$>
[2019-04-16 16:44:16,146 django_airavata.apps.api.urls:80 DEBUG] router url: <RegexURLPattern credential-summary-detail ^credential-summaries/(?P<pk>[^/]+)/$>
[2019-04-16 16:44:16,146 django_airavata.apps.api.urls:80 DEBUG] router url: <RegexURLPattern credential-summary-detail ^credential-summaries/(?P<pk>[^/]+)\.(?P<format>[a-z0-9]+)/?$>
[2019-04-16 16:44:16,146 django_airavata.apps.api.urls:80 DEBUG] router url: <RegexURLPattern gateway-resource-profile-list ^gateway-resource-profiles/$>
[2019-04-16 16:44:16,147 django_airavata.apps.api.urls:80 DEBUG] router url: <RegexURLPattern gateway-resource-profile-list ^gateway-resource-profiles\.(?P<format>[a-z0-9]+)/?$>
[2019-04-16 16:44:16,147 django_airavata.apps.api.urls:80 DEBUG] router url: <RegexURLPattern gateway-resource-profile-detail ^gateway-resource-profiles/(?P<gateway_id>[^/]+)/$>
[2019-04-16 16:44:16,147 django_airavata.apps.api.urls:80 DEBUG] router url: <RegexURLPattern gateway-resource-profile-detail ^gateway-resource-profiles/(?P<gateway_id>[^/]+)\.(?P<format>[a-z0-9]+)/?$>
[2019-04-16 16:44:16,147 django_airavata.apps.api.urls:80 DEBUG] router url: <RegexURLPattern storage-preference-list ^storage-preferences/$>
[2019-04-16 16:44:16,147 django_airavata.apps.api.urls:80 DEBUG] router url: <RegexURLPattern storage-preference-list ^storage-preferences\.(?P<format>[a-z0-9]+)/?$>
[2019-04-16 16:44:16,147 django_airavata.apps.api.urls:80 DEBUG] router url: <RegexURLPattern storage-preference-detail ^storage-preferences/(?P<storage_resource_id>[^/]+)/$>
[2019-04-16 16:44:16,148 django_airavata.apps.api.urls:80 DEBUG] router url: <RegexURLPattern storage-preference-detail ^storage-preferences/(?P<storage_resource_id>[^/]+)\.(?P<format>[a-z0-9]+)/?$>
[2019-04-16 16:44:16,148 django_airavata.apps.api.urls:80 DEBUG] router url: <RegexURLPattern parser-list ^parsers/$>
[2019-04-16 16:44:16,148 django_airavata.apps.api.urls:80 DEBUG] router url: <RegexURLPattern parser-list ^parsers\.(?P<format>[a-z0-9]+)/?$>
[2019-04-16 16:44:16,148 django_airavata.apps.api.urls:80 DEBUG] router url: <RegexURLPattern parser-detail ^parsers/(?P<parser_id>[^/]+)/$>
[2019-04-16 16:44:16,148 django_airavata.apps.api.urls:80 DEBUG] router url: <RegexURLPattern parser-detail ^parsers/(?P<parser_id>[^/]+)\.(?P<format>[a-z0-9]+)/?$>
[2019-04-16 16:44:16,148 django_airavata.apps.api.urls:80 DEBUG] router url: <RegexURLPattern api-root ^$>
[2019-04-16 16:44:16,148 django_airavata.apps.api.urls:80 DEBUG] router url: <RegexURLPattern api-root ^\.(?P<format>[a-z0-9]+)/?$>
[2019-04-16 16:44:22,576 django_airavata.apps.api.urls:80 DEBUG] router url: <RegexURLPattern project-list ^projects/$>
[2019-04-16 16:44:22,576 django_airavata.apps.api.urls:80 DEBUG] router url: <RegexURLPattern project-list ^projects\.(?P<format>[a-z0-9]+)/?$>
[2019-04-16 16:44:22,577 django_airavata.apps.api.urls:80 DEBUG] router url: <RegexURLPattern project-list-all ^projects/list_all/$>
[2019-04-16 16:44:22,577 django_airavata.apps.api.urls:80 DEBUG] router url: <RegexURLPattern project-list-all ^projects/list_all\.(?P<format>[a-z0-9]+)/?$>
[2019-04-16 16:44:22,577 django_airavata.apps.api.urls:80 DEBUG] router url: <RegexURLPattern project-detail ^projects/(?P<project_id>[^/]+)/$>
[2019-04-16 16:44:22,577 django_airavata.apps.api.urls:80 DEBUG] router url: <RegexURLPattern project-detail ^projects/(?P<project_id>[^/]+)\.(?P<format>[a-z0-9]+)/?$>
[2019-04-16 16:44:22,577 django_airavata.apps.api.urls:80 DEBUG] router url: <RegexURLPattern project-experiments ^projects/(?P<project_id>[^/]+)/experiments/$>
[2019-04-16 16:44:22,578 django_airavata.apps.api.urls:80 DEBUG] router url: <RegexURLPattern project-experiments ^projects/(?P<project_id>[^/]+)/experiments\.(?P<format>[a-z0-9]+)/?$>
[2019-04-16 16:44:22,578 django_airavata.apps.api.urls:80 DEBUG] router url: <RegexURLPattern experiment-list ^experiments/$>
[2019-04-16 16:44:22,578 django_airavata.apps.api.urls:80 DEBUG] router url: <RegexURLPattern experiment-list ^experiments\.(?P<format>[a-z0-9]+)/?$>
[2019-04-16 16:44:22,578 django_airavata.apps.api.urls:80 DEBUG] router url: <RegexURLPattern experiment-detail ^experiments/(?P<experiment_id>[^/]+)/$>
[2019-04-16 16:44:22,578 django_airavata.apps.api.urls:80 DEBUG] router url: <RegexURLPattern experiment-detail ^experiments/(?P<experiment_id>[^/]+)\.(?P<format>[a-z0-9]+)/?$>
[2019-04-16 16:44:22,578 django_airavata.apps.api.urls:80 DEBUG] router url: <RegexURLPattern experiment-clone ^experiments/(?P<experiment_id>[^/]+)/clone/$>
[2019-04-16 16:44:22,579 django_airavata.apps.api.urls:80 DEBUG] router url: <RegexURLPattern experiment-clone ^experiments/(?P<experiment_id>[^/]+)/clone\.(?P<format>[a-z0-9]+)/?$>
[2019-04-16 16:44:22,579 django_airavata.apps.api.urls:80 DEBUG] router url: <RegexURLPattern experiment-jobs ^experiments/(?P<experiment_id>[^/]+)/jobs/$>
[2019-04-16 16:44:22,579 django_airavata.apps.api.urls:80 DEBUG] router url: <RegexURLPattern experiment-jobs ^experiments/(?P<experiment_id>[^/]+)/jobs\.(?P<format>[a-z0-9]+)/?$>
[2019-04-16 16:44:22,579 django_airavata.apps.api.urls:80 DEBUG] router url: <RegexURLPattern experiment-launch ^experiments/(?P<experiment_id>[^/]+)/launch/$>
[2019-04-16 16:44:22,579 django_airavata.apps.api.urls:80 DEBUG] router url: <RegexURLPattern experiment-launch ^experiments/(?P<experiment_id>[^/]+)/launch\.(?P<format>[a-z0-9]+)/?$>
[2019-04-16 16:44:22,579 django_airavata.apps.api.urls:80 DEBUG] router url: <RegexURLPattern full-experiment-detail ^full-experiments/(?P<experiment_id>[^/]+)/$>
[2019-04-16 16:44:22,580 django_airavata.apps.api.urls:80 DEBUG] router url: <RegexURLPattern full-experiment-detail ^full-experiments/(?P<experiment_id>[^/]+)\.(?P<format>[a-z0-9]+)/?$>
[2019-04-16 16:44:22,580 django_airavata.apps.api.urls:80 DEBUG] router url: <RegexURLPattern experiment-search-list ^experiment-search/$>
[2019-04-16 16:44:22,580 django_airavata.apps.api.urls:80 DEBUG] router url: <RegexURLPattern experiment-search-list ^experiment-search\.(?P<format>[a-z0-9]+)/?$>
[2019-04-16 16:44:22,580 django_airavata.apps.api.urls:80 DEBUG] router url: <RegexURLPattern group-list ^groups/$>
[2019-04-16 16:44:22,580 django_airavata.apps.api.urls:80 DEBUG] router url: <RegexURLPattern group-list ^groups\.(?P<format>[a-z0-9]+)/?$>
[2019-04-16 16:44:22,580 django_airavata.apps.api.urls:80 DEBUG] router url: <RegexURLPattern group-detail ^groups/(?P<group_id>[^/]+)/$>
[2019-04-16 16:44:22,581 django_airavata.apps.api.urls:80 DEBUG] router url: <RegexURLPattern group-detail ^groups/(?P<group_id>[^/]+)\.(?P<format>[a-z0-9]+)/?$>
[2019-04-16 16:44:22,581 django_airavata.apps.api.urls:80 DEBUG] router url: <RegexURLPattern application-interface-list ^application-interfaces/$>
[2019-04-16 16:44:22,581 django_airavata.apps.api.urls:80 DEBUG] router url: <RegexURLPattern application-interface-list ^application-interfaces\.(?P<format>[a-z0-9]+)/?$>
[2019-04-16 16:44:22,581 django_airavata.apps.api.urls:80 DEBUG] router url: <RegexURLPattern application-interface-detail ^application-interfaces/(?P<app_interface_id>[^/]+)/$>
[2019-04-16 16:44:22,581 django_airavata.apps.api.urls:80 DEBUG] router url: <RegexURLPattern application-interface-detail ^application-interfaces/(?P<app_interface_id>[^/]+)\.(?P<format>[a-z0-9]+)/?$>
[2019-04-16 16:44:22,582 django_airavata.apps.api.urls:80 DEBUG] router url: <RegexURLPattern application-interface-compute-resources ^application-interfaces/(?P<app_interface_id>[^/]+)/compute_resources/$>
[2019-04-16 16:44:22,582 django_airavata.apps.api.urls:80 DEBUG] router url: <RegexURLPattern application-interface-compute-resources ^application-interfaces/(?P<app_interface_id>[^/]+)/compute_resources\.(?P<format>[a-z0-9]+)/?$>
[2019-04-16 16:44:22,582 django_airavata.apps.api.urls:80 DEBUG] router url: <RegexURLPattern application-list ^applications/$>
[2019-04-16 16:44:22,582 django_airavata.apps.api.urls:80 DEBUG] router url: <RegexURLPattern application-list ^applications\.(?P<format>[a-z0-9]+)/?$>
[2019-04-16 16:44:22,582 django_airavata.apps.api.urls:80 DEBUG] router url: <RegexURLPattern application-list-all ^applications/list_all/$>
[2019-04-16 16:44:22,582 django_airavata.apps.api.urls:80 DEBUG] router url: <RegexURLPattern application-list-all ^applications/list_all\.(?P<format>[a-z0-9]+)/?$>
[2019-04-16 16:44:22,582 django_airavata.apps.api.urls:80 DEBUG] router url: <RegexURLPattern application-detail ^applications/(?P<app_module_id>[^/]+)/$>
[2019-04-16 16:44:22,583 django_airavata.apps.api.urls:80 DEBUG] router url: <RegexURLPattern application-detail ^applications/(?P<app_module_id>[^/]+)\.(?P<format>[a-z0-9]+)/?$>
[2019-04-16 16:44:22,583 django_airavata.apps.api.urls:80 DEBUG] router url: <RegexURLPattern application-application-deployments ^applications/(?P<app_module_id>[^/]+)/application_deployments/$>
[2019-04-16 16:44:22,583 django_airavata.apps.api.urls:80 DEBUG] router url: <RegexURLPattern application-application-deployments ^applications/(?P<app_module_id>[^/]+)/application_deployments\.(?P<format>[a-z0-9]+)/?$>
[2019-04-16 16:44:22,583 django_airavata.apps.api.urls:80 DEBUG] router url: <RegexURLPattern application-application-interface ^applications/(?P<app_module_id>[^/]+)/application_interface/$>
[2019-04-16 16:44:22,583 django_airavata.apps.api.urls:80 DEBUG] router url: <RegexURLPattern application-application-interface ^applications/(?P<app_module_id>[^/]+)/application_interface\.(?P<format>[a-z0-9]+)/?$>
[2019-04-16 16:44:22,583 django_airavata.apps.api.urls:80 DEBUG] router url: <RegexURLPattern application-deployment-list ^application-deployments/$>
[2019-04-16 16:44:22,584 django_airavata.apps.api.urls:80 DEBUG] router url: <RegexURLPattern application-deployment-list ^application-deployments\.(?P<format>[a-z0-9]+)/?$>
[2019-04-16 16:44:22,584 django_airavata.apps.api.urls:80 DEBUG] router url: <RegexURLPattern application-deployment-detail ^application-deployments/(?P<app_deployment_id>[^/]+)/$>
[2019-04-16 16:44:22,584 django_airavata.apps.api.urls:80 DEBUG] router url: <RegexURLPattern application-deployment-detail ^application-deployments/(?P<app_deployment_id>[^/]+)\.(?P<format>[a-z0-9]+)/?$>
[2019-04-16 16:44:22,584 django_airavata.apps.api.urls:80 DEBUG] router url: <RegexURLPattern application-deployment-queues ^application-deployments/(?P<app_deployment_id>[^/]+)/queues/$>
[2019-04-16 16:44:22,584 django_airavata.apps.api.urls:80 DEBUG] router url: <RegexURLPattern application-deployment-queues ^application-deployments/(?P<app_deployment_id>[^/]+)/queues\.(?P<format>[a-z0-9]+)/?$>
[2019-04-16 16:44:22,584 django_airavata.apps.api.urls:80 DEBUG] router url: <RegexURLPattern user-profile-list ^user-profiles/$>
[2019-04-16 16:44:22,585 django_airavata.apps.api.urls:80 DEBUG] router url: <RegexURLPattern user-profile-list ^user-profiles\.(?P<format>[a-z0-9]+)/?$>
[2019-04-16 16:44:22,585 django_airavata.apps.api.urls:80 DEBUG] router url: <RegexURLPattern group-resource-profile-list ^group-resource-profiles/$>
[2019-04-16 16:44:22,585 django_airavata.apps.api.urls:80 DEBUG] router url: <RegexURLPattern group-resource-profile-list ^group-resource-profiles\.(?P<format>[a-z0-9]+)/?$>
[2019-04-16 16:44:22,585 django_airavata.apps.api.urls:80 DEBUG] router url: <RegexURLPattern group-resource-profile-detail ^group-resource-profiles/(?P<group_resource_profile_id>[^/]+)/$>
[2019-04-16 16:44:22,585 django_airavata.apps.api.urls:80 DEBUG] router url: <RegexURLPattern group-resource-profile-detail ^group-resource-profiles/(?P<group_resource_profile_id>[^/]+)\.(?P<format>[a-z0-9]+)/?$>
[2019-04-16 16:44:22,585 django_airavata.apps.api.urls:80 DEBUG] router url: <RegexURLPattern shared-entity-detail ^shared-entities/(?P<entity_id>[^/]+)/$>
[2019-04-16 16:44:22,586 django_airavata.apps.api.urls:80 DEBUG] router url: <RegexURLPattern shared-entity-detail ^shared-entities/(?P<entity_id>[^/]+)\.(?P<format>[a-z0-9]+)/?$>
[2019-04-16 16:44:22,586 django_airavata.apps.api.urls:80 DEBUG] router url: <RegexURLPattern shared-entity-merge ^shared-entities/(?P<entity_id>[^/]+)/merge/$>
[2019-04-16 16:44:22,586 django_airavata.apps.api.urls:80 DEBUG] router url: <RegexURLPattern shared-entity-merge ^shared-entities/(?P<entity_id>[^/]+)/merge\.(?P<format>[a-z0-9]+)/?$>
[2019-04-16 16:44:22,586 django_airavata.apps.api.urls:80 DEBUG] router url: <RegexURLPattern compute-resource-all-names ^compute-resources/all_names/$>
[2019-04-16 16:44:22,586 django_airavata.apps.api.urls:80 DEBUG] router url: <RegexURLPattern compute-resource-all-names ^compute-resources/all_names\.(?P<format>[a-z0-9]+)/?$>
[2019-04-16 16:44:22,586 django_airavata.apps.api.urls:80 DEBUG] router url: <RegexURLPattern compute-resource-all-names-list ^compute-resources/all_names_list/$>
[2019-04-16 16:44:22,587 django_airavata.apps.api.urls:80 DEBUG] router url: <RegexURLPattern compute-resource-all-names-list ^compute-resources/all_names_list\.(?P<format>[a-z0-9]+)/?$>
[2019-04-16 16:44:22,587 django_airavata.apps.api.urls:80 DEBUG] router url: <RegexURLPattern compute-resource-detail ^compute-resources/(?P<compute_resource_id>[^/]+)/$>
[2019-04-16 16:44:22,587 django_airavata.apps.api.urls:80 DEBUG] router url: <RegexURLPattern compute-resource-detail ^compute-resources/(?P<compute_resource_id>[^/]+)\.(?P<format>[a-z0-9]+)/?$>
[2019-04-16 16:44:22,587 django_airavata.apps.api.urls:80 DEBUG] router url: <RegexURLPattern compute-resource-queues ^compute-resources/(?P<compute_resource_id>[^/]+)/queues/$>
[2019-04-16 16:44:22,587 django_airavata.apps.api.urls:80 DEBUG] router url: <RegexURLPattern compute-resource-queues ^compute-resources/(?P<compute_resource_id>[^/]+)/queues\.(?P<format>[a-z0-9]+)/?$>
[2019-04-16 16:44:22,587 django_airavata.apps.api.urls:80 DEBUG] router url: <RegexURLPattern storage-resource-all-names ^storage-resources/all_names/$>
[2019-04-16 16:44:22,587 django_airavata.apps.api.urls:80 DEBUG] router url: <RegexURLPattern storage-resource-all-names ^storage-resources/all_names\.(?P<format>[a-z0-9]+)/?$>
[2019-04-16 16:44:22,588 django_airavata.apps.api.urls:80 DEBUG] router url: <RegexURLPattern storage-resource-detail ^storage-resources/(?P<storage_resource_id>[^/]+)/$>
[2019-04-16 16:44:22,588 django_airavata.apps.api.urls:80 DEBUG] router url: <RegexURLPattern storage-resource-detail ^storage-resources/(?P<storage_resource_id>[^/]+)\.(?P<format>[a-z0-9]+)/?$>
[2019-04-16 16:44:22,588 django_airavata.apps.api.urls:80 DEBUG] router url: <RegexURLPattern credential-summary-list ^credential-summaries/$>
[2019-04-16 16:44:22,588 django_airavata.apps.api.urls:80 DEBUG] router url: <RegexURLPattern credential-summary-list ^credential-summaries\.(?P<format>[a-z0-9]+)/?$>
[2019-04-16 16:44:22,588 django_airavata.apps.api.urls:80 DEBUG] router url: <RegexURLPattern credential-summary-create-password ^credential-summaries/create_password/$>
[2019-04-16 16:44:22,588 django_airavata.apps.api.urls:80 DEBUG] router url: <RegexURLPattern credential-summary-create-password ^credential-summaries/create_password\.(?P<format>[a-z0-9]+)/?$>
[2019-04-16 16:44:22,588 django_airavata.apps.api.urls:80 DEBUG] router url: <RegexURLPattern credential-summary-create-ssh ^credential-summaries/create_ssh/$>
[2019-04-16 16:44:22,589 django_airavata.apps.api.urls:80 DEBUG] router url: <RegexURLPattern credential-summary-create-ssh ^credential-summaries/create_ssh\.(?P<format>[a-z0-9]+)/?$>
[2019-04-16 16:44:22,589 django_airavata.apps.api.urls:80 DEBUG] router url: <RegexURLPattern credential-summary-password ^credential-summaries/password/$>
[2019-04-16 16:44:22,589 django_airavata.apps.api.urls:80 DEBUG] router url: <RegexURLPattern credential-summary-password ^credential-summaries/password\.(?P<format>[a-z0-9]+)/?$>
[2019-04-16 16:44:22,589 django_airavata.apps.api.urls:80 DEBUG] router url: <RegexURLPattern credential-summary-ssh ^credential-summaries/ssh/$>
[2019-04-16 16:44:22,589 django_airavata.apps.api.urls:80 DEBUG] router url: <RegexURLPattern credential-summary-ssh ^credential-summaries/ssh\.(?P<format>[a-z0-9]+)/?$>
[2019-04-16 16:44:22,589 django_airavata.apps.api.urls:80 DEBUG] router url: <RegexURLPattern credential-summary-detail ^credential-summaries/(?P<pk>[^/]+)/$>
[2019-04-16 16:44:22,590 django_airavata.apps.api.urls:80 DEBUG] router url: <RegexURLPattern credential-summary-detail ^credential-summaries/(?P<pk>[^/]+)\.(?P<format>[a-z0-9]+)/?$>
[2019-04-16 16:44:22,590 django_airavata.apps.api.urls:80 DEBUG] router url: <RegexURLPattern gateway-resource-profile-list ^gateway-resource-profiles/$>
[2019-04-16 16:44:22,590 django_airavata.apps.api.urls:80 DEBUG] router url: <RegexURLPattern gateway-resource-profile-list ^gateway-resource-profiles\.(?P<format>[a-z0-9]+)/?$>
[2019-04-16 16:44:22,590 django_airavata.apps.api.urls:80 DEBUG] router url: <RegexURLPattern gateway-resource-profile-detail ^gateway-resource-profiles/(?P<gateway_id>[^/]+)/$>
[2019-04-16 16:44:22,590 django_airavata.apps.api.urls:80 DEBUG] router url: <RegexURLPattern gateway-resource-profile-detail ^gateway-resource-profiles/(?P<gateway_id>[^/]+)\.(?P<format>[a-z0-9]+)/?$>
[2019-04-16 16:44:22,590 django_airavata.apps.api.urls:80 DEBUG] router url: <RegexURLPattern storage-preference-list ^storage-preferences/$>
[2019-04-16 16:44:22,590 django_airavata.apps.api.urls:80 DEBUG] router url: <RegexURLPattern storage-preference-list ^storage-preferences\.(?P<format>[a-z0-9]+)/?$>
[2019-04-16 16:44:22,591 django_airavata.apps.api.urls:80 DEBUG] router url: <RegexURLPattern storage-preference-detail ^storage-preferences/(?P<storage_resource_id>[^/]+)/$>
[2019-04-16 16:44:22,591 django_airavata.apps.api.urls:80 DEBUG] router url: <RegexURLPattern storage-preference-detail ^storage-preferences/(?P<storage_resource_id>[^/]+)\.(?P<format>[a-z0-9]+)/?$>
[2019-04-16 16:44:22,591 django_airavata.apps.api.urls:80 DEBUG] router url: <RegexURLPattern parser-list ^parsers/$>
[2019-04-16 16:44:22,591 django_airavata.apps.api.urls:80 DEBUG] router url: <RegexURLPattern parser-list ^parsers\.(?P<format>[a-z0-9]+)/?$>
[2019-04-16 16:44:22,591 django_airavata.apps.api.urls:80 DEBUG] router url: <RegexURLPattern parser-detail ^parsers/(?P<parser_id>[^/]+)/$>
[2019-04-16 16:44:22,591 django_airavata.apps.api.urls:80 DEBUG] router url: <RegexURLPattern parser-detail ^parsers/(?P<parser_id>[^/]+)\.(?P<format>[a-z0-9]+)/?$>
[2019-04-16 16:44:22,591 django_airavata.apps.api.urls:80 DEBUG] router url: <RegexURLPattern api-root ^$>
[2019-04-16 16:44:22,592 django_airavata.apps.api.urls:80 DEBUG] router url: <RegexURLPattern api-root ^\.(?P<format>[a-z0-9]+)/?$>
